<?xml version="1.0" encoding="UTF-8"?>
<testng-results total="1" passed="1" failed="0" skipped="0">
  <reporter-output>
  </reporter-output>
  <suite started-at="2020-12-31T15:29:46Z" name="Suite" finished-at="2020-12-31T15:29:56Z" duration-ms="9612">
    <groups>
    </groups>
    <test started-at="2020-12-31T15:29:46Z" name="Test" finished-at="2020-12-31T15:29:56Z" duration-ms="9612">
      <class name="Test01">
        <test-method signature="verifyHomepageTitle()[pri:0, instance:Test01@7bbcf6f0]" started-at="2020-12-31T20:59:46Z" name="verifyHomepageTitle" finished-at="2020-12-31T20:59:56Z" duration-ms="9595" status="PASS">
          <reporter-output>
          </reporter-output>
        </test-method> <!-- verifyHomepageTitle -->
      </class> <!-- Test01 -->
    </test> <!-- Test -->
  </suite> <!-- Suite -->
</testng-results>
