<?xml version="1.0" encoding="UTF-8"?>
<testng-results total="1" passed="1" failed="0" skipped="0">
  <reporter-output>
  </reporter-output>
  <suite started-at="2020-12-31T15:30:20Z" name="Default suite" finished-at="2020-12-31T15:30:30Z" duration-ms="10337">
    <groups>
    </groups>
    <test started-at="2020-12-31T15:30:20Z" name="Default test" finished-at="2020-12-31T15:30:30Z" duration-ms="10337">
      <class name="Test01">
        <test-method signature="verifyHomepageTitle()[pri:0, instance:Test01@4efac082]" started-at="2020-12-31T21:00:20Z" name="verifyHomepageTitle" finished-at="2020-12-31T21:00:30Z" duration-ms="10319" status="PASS">
          <reporter-output>
          </reporter-output>
        </test-method> <!-- verifyHomepageTitle -->
      </class> <!-- Test01 -->
    </test> <!-- Default test -->
  </suite> <!-- Default suite -->
</testng-results>
